Performing C SOURCE FILE Test CMAKE_HAVE_LIBC_PTHREAD failed with the following output:
<<<<<<< HEAD
Change Dir: /home/zy/Code/catkin_rtab/src/rtabmap_ros/build/CMakeFiles/CMakeTmp

Run Build Command(s):/usr/bin/make cmTC_e7fb8/fast && /usr/bin/make -f CMakeFiles/cmTC_e7fb8.dir/build.make CMakeFiles/cmTC_e7fb8.dir/build
make[1]: 进入目录“/home/zy/Code/catkin_rtab/src/rtabmap_ros/build/CMakeFiles/CMakeTmp”
Building C object CMakeFiles/cmTC_e7fb8.dir/src.c.o
/usr/bin/cc   -DCMAKE_HAVE_LIBC_PTHREAD   -o CMakeFiles/cmTC_e7fb8.dir/src.c.o   -c /home/zy/Code/catkin_rtab/src/rtabmap_ros/build/CMakeFiles/CMakeTmp/src.c
Linking C executable cmTC_e7fb8
/usr/bin/cmake -E cmake_link_script CMakeFiles/cmTC_e7fb8.dir/link.txt --verbose=1
/usr/bin/cc  -DCMAKE_HAVE_LIBC_PTHREAD    -rdynamic CMakeFiles/cmTC_e7fb8.dir/src.c.o  -o cmTC_e7fb8 
/usr/bin/ld: CMakeFiles/cmTC_e7fb8.dir/src.c.o: in function `main':
=======
Change Dir: /home/exdx/codes/catkin_rtab/src/rtabmap_ros/build/CMakeFiles/CMakeTmp

Run Build Command(s):/usr/bin/make cmTC_80c3b/fast && /usr/bin/make -f CMakeFiles/cmTC_80c3b.dir/build.make CMakeFiles/cmTC_80c3b.dir/build
make[1]: 进入目录“/home/exdx/codes/catkin_rtab/src/rtabmap_ros/build/CMakeFiles/CMakeTmp”
Building C object CMakeFiles/cmTC_80c3b.dir/src.c.o
/usr/bin/cc   -DCMAKE_HAVE_LIBC_PTHREAD   -o CMakeFiles/cmTC_80c3b.dir/src.c.o   -c /home/exdx/codes/catkin_rtab/src/rtabmap_ros/build/CMakeFiles/CMakeTmp/src.c
Linking C executable cmTC_80c3b
/usr/bin/cmake -E cmake_link_script CMakeFiles/cmTC_80c3b.dir/link.txt --verbose=1
/usr/bin/cc  -DCMAKE_HAVE_LIBC_PTHREAD    -rdynamic CMakeFiles/cmTC_80c3b.dir/src.c.o  -o cmTC_80c3b 
/usr/bin/ld: CMakeFiles/cmTC_80c3b.dir/src.c.o: in function `main':
>>>>>>> 8dcec0a9a1f95d57487b09c6cec170bd6adbd4be
src.c:(.text+0x46): undefined reference to `pthread_create'
/usr/bin/ld: src.c:(.text+0x52): undefined reference to `pthread_detach'
/usr/bin/ld: src.c:(.text+0x63): undefined reference to `pthread_join'
collect2: error: ld returned 1 exit status
<<<<<<< HEAD
make[1]: *** [CMakeFiles/cmTC_e7fb8.dir/build.make:87：cmTC_e7fb8] 错误 1
make[1]: 离开目录“/home/zy/Code/catkin_rtab/src/rtabmap_ros/build/CMakeFiles/CMakeTmp”
make: *** [Makefile:121：cmTC_e7fb8/fast] 错误 2
=======
make[1]: *** [CMakeFiles/cmTC_80c3b.dir/build.make:87：cmTC_80c3b] 错误 1
make[1]: 离开目录“/home/exdx/codes/catkin_rtab/src/rtabmap_ros/build/CMakeFiles/CMakeTmp”
make: *** [Makefile:121：cmTC_80c3b/fast] 错误 2
>>>>>>> 8dcec0a9a1f95d57487b09c6cec170bd6adbd4be


Source file was:
#include <pthread.h>

void* test_func(void* data)
{
  return data;
}

int main(void)
{
  pthread_t thread;
  pthread_create(&thread, NULL, test_func, NULL);
  pthread_detach(thread);
  pthread_join(thread, NULL);
  pthread_atfork(NULL, NULL, NULL);
  pthread_exit(NULL);

  return 0;
}

Determining if the function pthread_create exists in the pthreads failed with the following output:
<<<<<<< HEAD
Change Dir: /home/zy/Code/catkin_rtab/src/rtabmap_ros/build/CMakeFiles/CMakeTmp

Run Build Command(s):/usr/bin/make cmTC_c9270/fast && /usr/bin/make -f CMakeFiles/cmTC_c9270.dir/build.make CMakeFiles/cmTC_c9270.dir/build
make[1]: 进入目录“/home/zy/Code/catkin_rtab/src/rtabmap_ros/build/CMakeFiles/CMakeTmp”
Building C object CMakeFiles/cmTC_c9270.dir/CheckFunctionExists.c.o
/usr/bin/cc   -DCHECK_FUNCTION_EXISTS=pthread_create   -o CMakeFiles/cmTC_c9270.dir/CheckFunctionExists.c.o   -c /usr/share/cmake-3.16/Modules/CheckFunctionExists.c
Linking C executable cmTC_c9270
/usr/bin/cmake -E cmake_link_script CMakeFiles/cmTC_c9270.dir/link.txt --verbose=1
/usr/bin/cc  -DCHECK_FUNCTION_EXISTS=pthread_create    -rdynamic CMakeFiles/cmTC_c9270.dir/CheckFunctionExists.c.o  -o cmTC_c9270  -lpthreads 
/usr/bin/ld: 找不到 -lpthreads
collect2: error: ld returned 1 exit status
make[1]: *** [CMakeFiles/cmTC_c9270.dir/build.make:87：cmTC_c9270] 错误 1
make[1]: 离开目录“/home/zy/Code/catkin_rtab/src/rtabmap_ros/build/CMakeFiles/CMakeTmp”
make: *** [Makefile:121：cmTC_c9270/fast] 错误 2
=======
Change Dir: /home/exdx/codes/catkin_rtab/src/rtabmap_ros/build/CMakeFiles/CMakeTmp

Run Build Command(s):/usr/bin/make cmTC_de2ac/fast && /usr/bin/make -f CMakeFiles/cmTC_de2ac.dir/build.make CMakeFiles/cmTC_de2ac.dir/build
make[1]: 进入目录“/home/exdx/codes/catkin_rtab/src/rtabmap_ros/build/CMakeFiles/CMakeTmp”
Building C object CMakeFiles/cmTC_de2ac.dir/CheckFunctionExists.c.o
/usr/bin/cc   -DCHECK_FUNCTION_EXISTS=pthread_create   -o CMakeFiles/cmTC_de2ac.dir/CheckFunctionExists.c.o   -c /usr/share/cmake-3.16/Modules/CheckFunctionExists.c
Linking C executable cmTC_de2ac
/usr/bin/cmake -E cmake_link_script CMakeFiles/cmTC_de2ac.dir/link.txt --verbose=1
/usr/bin/cc  -DCHECK_FUNCTION_EXISTS=pthread_create    -rdynamic CMakeFiles/cmTC_de2ac.dir/CheckFunctionExists.c.o  -o cmTC_de2ac  -lpthreads 
/usr/bin/ld: 找不到 -lpthreads
collect2: error: ld returned 1 exit status
make[1]: *** [CMakeFiles/cmTC_de2ac.dir/build.make:87：cmTC_de2ac] 错误 1
make[1]: 离开目录“/home/exdx/codes/catkin_rtab/src/rtabmap_ros/build/CMakeFiles/CMakeTmp”
make: *** [Makefile:121：cmTC_de2ac/fast] 错误 2
>>>>>>> 8dcec0a9a1f95d57487b09c6cec170bd6adbd4be



